<?xml version="1.0" encoding="UTF-8"?>
<!-- Generated by org.testng.reporters.JUnitReportReporter -->
<testsuite hostname="DL-PC" name="com.vv7.controllers.TestDemo" tests="1" failures="0" timestamp="29 May 2015 03:22:10 GMT" time="11.264" errors="0">
  <testcase name="test_netOne" time="11.264" classname="com.vv7.controllers.TestDemo"/>
</testsuite> <!-- com.vv7.controllers.TestDemo -->
