<?xml version="1.0" encoding="UTF-8"?>
<!-- Generated by org.testng.reporters.JUnitReportReporter -->
<testsuite hostname="DL-PC" name="Controllers.Runner" tests="1" failures="0" timestamp="28 May 2015 11:08:39 GMT" time="14.953" errors="0">
  <testcase name="test_00" time="14.953" classname="Controllers.Runner"/>
</testsuite> <!-- Controllers.Runner -->
